\BOOKMARK [0][-]{chapter.1}{\376\377\000I\000n\000t\000r\000o\000d\000u\000c\000t\000i\000o\000n}{}% 1
\BOOKMARK [0][-]{chapter.2}{\376\377\000P\000a\000c\000k\000a\000g\000e\000s\000\040\000u\000s\000e\000d\000\040\000s\000o\000m\000e\000w\000h\000e\000r\000e\000\040\000i\000n\000\040\000t\000h\000i\000s\000\040\000b\000o\000o\000k}{}% 2
\BOOKMARK [0][-]{chapter.3}{\376\377\000G\000e\000t\000t\000i\000n\000g\000\040\000u\000s\000e\000d\000\040\000t\000o\000\040\000R\000\040\000a\000n\000d\000\040\000R\000\040\000S\000t\000u\000d\000i\000o}{}% 3
\BOOKMARK [1][-]{section.3.1}{\376\377\000G\000e\000t\000t\000i\000n\000g\000\040\000a\000n\000\040\000R\000\040\000S\000t\000u\000d\000i\000o\000\040\000C\000l\000o\000u\000d\000\040\000a\000c\000c\000o\000u\000n\000t}{chapter.3}% 4
\BOOKMARK [1][-]{section.3.2}{\376\377\000G\000e\000t\000t\000i\000n\000g\000\040\000s\000t\000a\000r\000t\000e\000d}{chapter.3}% 5
\BOOKMARK [1][-]{section.3.3}{\376\377\000R\000e\000a\000d\000i\000n\000g\000\040\000d\000a\000t\000a\000\040\000f\000r\000o\000m\000\040\000a\000\040\000f\000i\000l\000e}{chapter.3}% 6
\BOOKMARK [1][-]{section.3.4}{\376\377\000R\000e\000a\000d\000i\000n\000g\000\040\000f\000i\000l\000e\000s\000\040\000d\000i\000f\000f\000e\000r\000e\000n\000t\000\040\000w\000a\000y\000s}{chapter.3}% 7
\BOOKMARK [0][-]{chapter.4}{\376\377\000R\000e\000a\000d\000i\000n\000g\000\040\000i\000n\000\040\000d\000a\000t\000a\000\040\000a\000n\000d\000\040\000d\000r\000a\000w\000i\000n\000g\000\040\000s\000o\000m\000e\000\040\000g\000r\000a\000p\000h\000s}{}% 8
\BOOKMARK [1][-]{section.4.1}{\376\377\000O\000r\000a\000n\000g\000e\000\040\000j\000u\000i\000c\000e}{chapter.4}% 9
\BOOKMARK [1][-]{section.4.2}{\376\377\000M\000a\000k\000i\000n\000g\000\040\000s\000o\000a\000p}{chapter.4}% 10
\BOOKMARK [1][-]{section.4.3}{\376\377\000H\000a\000n\000d\000l\000i\000n\000g\000\040\000s\000h\000i\000p\000m\000e\000n\000t\000s}{chapter.4}% 11
\BOOKMARK [0][-]{chapter.5}{\376\377\000D\000a\000t\000a\000\040\000e\000x\000p\000l\000o\000r\000a\000t\000i\000o\000n}{}% 12
\BOOKMARK [1][-]{section.5.1}{\376\377\000N\000o\000r\000t\000h\000\040\000C\000a\000r\000o\000l\000i\000n\000a\000\040\000b\000i\000r\000t\000h\000s}{chapter.5}% 13
\BOOKMARK [1][-]{section.5.2}{\376\377\000M\000o\000r\000e\000\040\000a\000b\000o\000u\000t\000\040\000t\000h\000e\000\040\000N\000C\000\040\000b\000i\000r\000t\000h\000s}{chapter.5}% 14
\BOOKMARK [1][-]{section.5.3}{\376\377\000N\000e\000n\000a\000n\000a\000,\000\040\000A\000l\000a\000s\000k\000a}{chapter.5}% 15
\BOOKMARK [1][-]{section.5.4}{\376\377\000C\000o\000m\000p\000u\000t\000e\000r\000i\000z\000e\000d\000\040\000a\000c\000c\000o\000u\000n\000t\000i\000n\000g}{chapter.5}% 16
\BOOKMARK [1][-]{section.5.5}{\376\377\000T\000e\000s\000t\000\040\000s\000c\000o\000r\000e\000s\000\040\000i\000n\000\040\000t\000w\000o\000\040\000c\000l\000a\000s\000s\000e\000s}{chapter.5}% 17
\BOOKMARK [0][-]{chapter.6}{\376\377\000O\000n\000e\000-\000s\000a\000m\000p\000l\000e\000\040\000i\000n\000f\000e\000r\000e\000n\000c\000e}{}% 18
\BOOKMARK [1][-]{section.6.1}{\376\377\000H\000u\000n\000t\000e\000r\000-\000g\000a\000t\000h\000e\000r\000e\000r\000s\000\040\000i\000n\000\040\000A\000u\000s\000t\000r\000a\000l\000i\000a}{chapter.6}% 19
\BOOKMARK [1][-]{section.6.2}{\376\377\000B\000u\000s\000e\000s\000\040\000t\000o\000\040\000B\000o\000u\000l\000d\000e\000r}{chapter.6}% 20
\BOOKMARK [1][-]{section.6.3}{\376\377\000L\000e\000n\000g\000t\000h\000\040\000o\000f\000\040\000g\000e\000s\000t\000a\000t\000i\000o\000n\000\040\000i\000n\000\040\000N\000o\000r\000t\000h\000\040\000C\000a\000r\000o\000l\000i\000n\000a}{chapter.6}% 21
\BOOKMARK [1][-]{section.6.4}{\376\377\000I\000n\000f\000e\000r\000r\000i\000n\000g\000\040\000i\000c\000e\000\040\000b\000r\000e\000a\000k\000-\000u\000p\000\040\000i\000n\000\040\000N\000e\000n\000a\000n\000a}{chapter.6}% 22
\BOOKMARK [0][-]{chapter.7}{\376\377\000T\000w\000o\000-\000s\000a\000m\000p\000l\000e\000\040\000i\000n\000f\000e\000r\000e\000n\000c\000e}{}% 23
\BOOKMARK [1][-]{section.7.1}{\376\377\000C\000h\000i\000l\000d\000r\000e\000n\000\040\000a\000n\000d\000\040\000e\000l\000e\000c\000t\000r\000o\000n\000i\000c\000\040\000d\000e\000v\000i\000c\000e\000s}{chapter.7}% 24
\BOOKMARK [1][-]{section.7.2}{\376\377\000P\000a\000r\000k\000i\000n\000g\000\040\000c\000l\000o\000s\000e\000\040\000t\000o\000\040\000t\000h\000e\000\040\000c\000u\000r\000b}{chapter.7}% 25
\BOOKMARK [1][-]{section.7.3}{\376\377\000B\000e\000l\000l\000\040\000p\000e\000p\000p\000e\000r\000s\000\040\000a\000n\000d\000\040\000t\000o\000o\000\040\000m\000u\000c\000h\000\040\000w\000a\000t\000e\000r}{chapter.7}% 26
\BOOKMARK [1][-]{section.7.4}{\376\377\000E\000x\000e\000r\000c\000i\000s\000e\000\040\000a\000n\000d\000\040\000a\000n\000x\000i\000e\000t\000y\000\040\000a\000n\000d\000\040\000b\000u\000l\000l\000y\000i\000n\000g\000\040\000m\000i\000c\000e}{chapter.7}% 27
\BOOKMARK [1][-]{section.7.5}{\376\377\000D\000i\000e\000t\000\040\000a\000n\000d\000\040\000g\000r\000o\000w\000t\000h\000\040\000i\000n\000\040\000b\000o\000y\000s}{chapter.7}% 28
\BOOKMARK [0][-]{chapter.8}{\376\377\000P\000o\000w\000e\000r\000\040\000a\000n\000d\000\040\000s\000a\000m\000p\000l\000e\000\040\000s\000i\000z\000e}{}% 29
\BOOKMARK [1][-]{section.8.1}{\376\377\000S\000i\000m\000u\000l\000a\000t\000i\000n\000g\000\040\000p\000o\000w\000e\000r}{chapter.8}% 30
\BOOKMARK [1][-]{section.8.2}{\376\377\000C\000a\000l\000c\000u\000l\000a\000t\000i\000n\000g\000\040\000p\000o\000w\000e\000r\000\040\000a\000n\000d\000\040\000s\000a\000m\000p\000l\000e\000\040\000s\000i\000z\000e\000\040\000f\000o\000r\000\040\000e\000s\000t\000i\000m\000a\000t\000i\000n\000g\000\040\000m\000e\000a\000n}{chapter.8}% 31
\BOOKMARK [1][-]{section.8.3}{\376\377\000S\000i\000m\000u\000l\000a\000t\000i\000n\000g\000\040\000p\000o\000w\000e\000r\000\040\000f\000o\000r\000\040\000p\000r\000o\000p\000o\000r\000t\000i\000o\000n\000s}{chapter.8}% 32
\BOOKMARK [0][-]{chapter.9}{\376\377\000T\000h\000e\000\040\000s\000i\000g\000n\000\040\000t\000e\000s\000t\000\040\000a\000n\000d\000\040\000M\000o\000o\000d\000'\000s\000\040\000m\000e\000d\000i\000a\000n\000\040\000t\000e\000s\000t}{}% 33
\BOOKMARK [1][-]{section.9.1}{\376\377\000R\000u\000n\000n\000i\000n\000g\000\040\000a\000\040\000m\000a\000z\000e}{chapter.9}% 34
\BOOKMARK [1][-]{section.9.2}{\376\377\000C\000h\000o\000c\000o\000l\000a\000t\000e\000\040\000c\000h\000i\000p\000s}{chapter.9}% 35
\BOOKMARK [1][-]{section.9.3}{\376\377\000T\000h\000e\000\040\000p\000o\000w\000e\000r\000\040\000o\000f\000\040\000t\000h\000e\000\040\000s\000i\000g\000n\000\040\000t\000e\000s\000t}{chapter.9}% 36
\BOOKMARK [1][-]{section.9.4}{\376\377\000S\000u\000g\000a\000r\000\040\000i\000n\000\040\000b\000r\000e\000a\000k\000f\000a\000s\000t\000\040\000c\000e\000r\000e\000a\000l\000s}{chapter.9}% 37
\BOOKMARK [1][-]{section.9.5}{\376\377\000F\000e\000a\000r\000\040\000o\000f\000\040\000m\000a\000t\000h}{chapter.9}% 38
\BOOKMARK [1][-]{section.9.6}{\376\377\000M\000e\000d\000i\000c\000a\000l\000\040\000i\000n\000s\000t\000r\000u\000c\000t\000i\000o\000n\000s}{chapter.9}% 39
\BOOKMARK [0][-]{chapter.10}{\376\377\000M\000a\000t\000c\000h\000e\000d\000\040\000p\000a\000i\000r\000s\000\040\000t\000\040\000a\000n\000d\000\040\000s\000i\000g\000n\000\040\000t\000e\000s\000t}{}% 40
\BOOKMARK [1][-]{section.10.1}{\376\377\000M\000e\000a\000s\000u\000r\000i\000n\000g\000\040\000b\000o\000d\000y\000\040\000f\000a\000t}{chapter.10}% 41
\BOOKMARK [1][-]{section.10.2}{\376\377\000T\000h\000r\000o\000w\000i\000n\000g\000\040\000b\000a\000s\000e\000b\000a\000l\000l\000s\000\040\000a\000n\000d\000\040\000s\000o\000f\000t\000b\000a\000l\000l\000s}{chapter.10}% 42
\BOOKMARK [1][-]{section.10.3}{\376\377\000T\000h\000r\000o\000w\000i\000n\000g\000\040\000b\000a\000s\000e\000b\000a\000l\000l\000s\000\040\000a\000n\000d\000\040\000s\000o\000f\000t\000b\000a\000l\000l\000s\000,\000\040\000a\000g\000a\000i\000n}{chapter.10}% 43
\BOOKMARK [1][-]{section.10.4}{\376\377\000C\000h\000a\000n\000g\000e\000s\000\040\000i\000n\000\040\000s\000a\000l\000a\000r\000y}{chapter.10}% 44
\BOOKMARK [1][-]{section.10.5}{\376\377\000B\000o\000d\000y\000\040\000f\000a\000t\000\040\000r\000e\000v\000i\000s\000i\000t\000e\000d}{chapter.10}% 45
\BOOKMARK [0][-]{chapter.11}{\376\377\000N\000o\000r\000m\000a\000l\000\040\000q\000u\000a\000n\000t\000i\000l\000e\000\040\000p\000l\000o\000t\000s}{}% 46
\BOOKMARK [1][-]{section.11.1}{\376\377\000L\000e\000n\000g\000t\000h\000s\000\040\000o\000f\000\040\000h\000e\000l\000i\000c\000o\000n\000i\000a\000\040\000f\000l\000o\000w\000e\000r\000s}{chapter.11}% 47
\BOOKMARK [1][-]{section.11.2}{\376\377\000F\000e\000r\000r\000i\000t\000i\000n\000\040\000a\000n\000d\000\040\000n\000o\000r\000m\000a\000l\000i\000t\000y}{chapter.11}% 48
\BOOKMARK [0][-]{chapter.12}{\376\377\000A\000n\000a\000l\000y\000s\000i\000s\000\040\000o\000f\000\040\000v\000a\000r\000i\000a\000n\000c\000e}{}% 49
\BOOKMARK [1][-]{section.12.1}{\376\377\000M\000o\000v\000i\000e\000\040\000r\000a\000t\000i\000n\000g\000s\000\040\000a\000n\000d\000\040\000l\000e\000n\000g\000t\000h\000s}{chapter.12}% 50
\BOOKMARK [1][-]{section.12.2}{\376\377\000D\000e\000e\000r\000\040\000a\000n\000d\000\040\000h\000o\000w\000\040\000m\000u\000c\000h\000\040\000t\000h\000e\000y\000\040\000e\000a\000t}{chapter.12}% 51
\BOOKMARK [1][-]{section.12.3}{\376\377\000M\000o\000v\000i\000e\000\040\000r\000a\000t\000i\000n\000g\000s\000\040\000a\000g\000a\000i\000n}{chapter.12}% 52
\BOOKMARK [1][-]{section.12.4}{\376\377\000A\000t\000o\000m\000i\000c\000\040\000w\000e\000i\000g\000h\000t\000\040\000o\000f\000\040\000c\000a\000r\000b\000o\000n}{chapter.12}% 53
\BOOKMARK [1][-]{section.12.5}{\376\377\000C\000a\000n\000\040\000c\000a\000f\000f\000e\000i\000n\000e\000\040\000i\000m\000p\000r\000o\000v\000e\000\040\000y\000o\000u\000r\000\040\000p\000e\000r\000f\000o\000r\000m\000a\000n\000c\000e\000\040\000o\000n\000\040\000a\000\040\000t\000e\000s\000t\000?}{chapter.12}% 54
\BOOKMARK [0][-]{chapter.13}{\376\377\000T\000i\000d\000y\000i\000n\000g\000\040\000a\000n\000d\000\040\000s\000e\000l\000e\000c\000t\000i\000n\000g\000\040\000d\000a\000t\000a}{}% 55
\BOOKMARK [1][-]{section.13.1}{\376\377\000T\000i\000d\000y\000i\000n\000g\000\040\000t\000h\000e\000\040\000J\000a\000y\000s\000\040\000d\000a\000t\000a}{chapter.13}% 56
\BOOKMARK [1][-]{section.13.2}{\376\377\000B\000a\000s\000e\000b\000a\000l\000l\000\040\000a\000n\000d\000\040\000s\000o\000f\000t\000b\000a\000l\000l\000\040\000s\000p\000a\000g\000h\000e\000t\000t\000i}{chapter.13}% 57
\BOOKMARK [1][-]{section.13.3}{\376\377\000E\000t\000h\000a\000n\000o\000l\000\040\000a\000n\000d\000\040\000s\000l\000e\000e\000p\000\040\000t\000i\000m\000e\000\040\000i\000n\000\040\000r\000a\000t\000s}{chapter.13}% 58
\BOOKMARK [1][-]{section.13.4}{\376\377\000G\000r\000o\000w\000t\000h\000\040\000o\000f\000\040\000t\000o\000m\000a\000t\000o\000e\000s}{chapter.13}% 59
\BOOKMARK [1][-]{section.13.5}{\376\377\000P\000a\000i\000n\000\040\000r\000e\000l\000i\000e\000f\000\040\000i\000n\000\040\000m\000i\000g\000r\000a\000i\000n\000e\000\040\000h\000e\000a\000d\000a\000c\000h\000e\000s\000\040\000\050\000a\000g\000a\000i\000n\000\051}{chapter.13}% 60
\BOOKMARK [1][-]{section.13.6}{\376\377\000L\000o\000c\000a\000t\000i\000o\000n\000,\000\040\000s\000p\000e\000c\000i\000e\000s\000\040\000a\000n\000d\000\040\000d\000i\000s\000e\000a\000s\000e\000\040\000i\000n\000\040\000p\000l\000a\000n\000t\000s}{chapter.13}% 61
\BOOKMARK [1][-]{section.13.7}{\376\377\000M\000a\000t\000i\000n\000g\000\040\000s\000o\000n\000g\000s\000\040\000i\000n\000\040\000c\000r\000i\000c\000k\000e\000t\000s}{chapter.13}% 62
\BOOKMARK [1][-]{section.13.8}{\376\377\000C\000a\000r\000s}{chapter.13}% 63
\BOOKMARK [1][-]{section.13.9}{\376\377\000N\000u\000m\000b\000e\000r\000\040\0001\000\040\000s\000o\000n\000g\000s}{chapter.13}% 64
\BOOKMARK [1][-]{section.13.10}{\376\377\000B\000i\000k\000e\000s\000\040\000o\000n\000\040\000C\000o\000l\000l\000e\000g\000e}{chapter.13}% 65
\BOOKMARK [1][-]{section.13.11}{\376\377\000F\000e\000e\000l\000i\000n\000g\000\040\000t\000h\000e\000\040\000h\000e\000a\000t}{chapter.13}% 66
\BOOKMARK [0][-]{chapter.14}{\376\377\000R\000e\000g\000r\000e\000s\000s\000i\000o\000n}{}% 67
\BOOKMARK [1][-]{section.14.1}{\376\377\000R\000a\000i\000n\000f\000a\000l\000l\000\040\000i\000n\000\040\000C\000a\000l\000i\000f\000o\000r\000n\000i\000a}{chapter.14}% 68
\BOOKMARK [1][-]{section.14.2}{\376\377\000C\000a\000r\000b\000o\000n\000\040\000m\000o\000n\000o\000x\000i\000d\000e\000\040\000i\000n\000\040\000c\000i\000g\000a\000r\000e\000t\000t\000e\000s}{chapter.14}% 69
\BOOKMARK [1][-]{section.14.3}{\376\377\000M\000a\000x\000i\000m\000a\000l\000\040\000o\000x\000y\000g\000e\000n\000\040\000u\000p\000t\000a\000k\000e\000\040\000i\000n\000\040\000y\000o\000u\000n\000g\000\040\000b\000o\000y\000s}{chapter.14}% 70
\BOOKMARK [1][-]{section.14.4}{\376\377\000F\000a\000c\000e\000b\000o\000o\000k\000\040\000f\000r\000i\000e\000n\000d\000s\000\040\000a\000n\000d\000\040\000g\000r\000e\000y\000\040\000m\000a\000t\000t\000e\000r}{chapter.14}% 71
\BOOKMARK [1][-]{section.14.5}{\376\377\000E\000n\000d\000o\000g\000e\000n\000o\000u\000s\000\040\000n\000i\000t\000r\000o\000g\000e\000n\000\040\000e\000x\000c\000r\000e\000t\000i\000o\000n\000\040\000i\000n\000\040\000c\000a\000r\000p}{chapter.14}% 72
\BOOKMARK [1][-]{section.14.6}{\376\377\000S\000p\000a\000r\000r\000o\000w\000h\000a\000w\000k\000s}{chapter.14}% 73
\BOOKMARK [1][-]{section.14.7}{\376\377\000S\000a\000l\000a\000r\000i\000e\000s\000\040\000o\000f\000\040\000s\000o\000c\000i\000a\000l\000\040\000w\000o\000r\000k\000e\000r\000s}{chapter.14}% 74
\BOOKMARK [1][-]{section.14.8}{\376\377\000P\000r\000e\000d\000i\000c\000t\000i\000n\000g\000\040\000v\000o\000l\000u\000m\000e\000\040\000o\000f\000\040\000w\000o\000o\000d\000\040\000i\000n\000\040\000p\000i\000n\000e\000\040\000t\000r\000e\000e\000s}{chapter.14}% 75
\BOOKMARK [1][-]{section.14.9}{\376\377\000T\000o\000r\000t\000o\000i\000s\000e\000\040\000s\000h\000e\000l\000l\000s\000\040\000a\000n\000d\000\040\000e\000g\000g\000s}{chapter.14}% 76
\BOOKMARK [1][-]{section.14.10}{\376\377\000C\000r\000i\000c\000k\000e\000t\000s\000\040\000r\000e\000v\000i\000s\000i\000t\000e\000d}{chapter.14}% 77
\BOOKMARK [1][-]{section.14.11}{\376\377\000R\000o\000l\000l\000e\000r\000\040\000c\000o\000a\000s\000t\000e\000r\000s}{chapter.14}% 78
\BOOKMARK [1][-]{section.14.12}{\376\377\000R\000u\000n\000n\000i\000n\000g\000\040\000a\000n\000d\000\040\000b\000l\000o\000o\000d\000\040\000s\000u\000g\000a\000r}{chapter.14}% 79
\BOOKMARK [1][-]{section.14.13}{\376\377\000C\000a\000l\000o\000r\000i\000e\000s\000\040\000a\000n\000d\000\040\000f\000a\000t\000\040\000i\000n\000\040\000p\000i\000z\000z\000a}{chapter.14}% 80
\BOOKMARK [1][-]{section.14.14}{\376\377\000W\000h\000e\000r\000e\000\040\000s\000h\000o\000u\000l\000d\000\040\000t\000h\000e\000\040\000f\000i\000r\000e\000\040\000s\000t\000a\000t\000i\000o\000n\000s\000\040\000b\000e\000?}{chapter.14}% 81
\BOOKMARK [1][-]{section.14.15}{\376\377\000B\000e\000i\000n\000g\000\040\000s\000a\000t\000i\000s\000f\000i\000e\000d\000\040\000w\000i\000t\000h\000\040\000h\000o\000s\000p\000i\000t\000a\000l}{chapter.14}% 82
\BOOKMARK [1][-]{section.14.16}{\376\377\000H\000a\000n\000d\000l\000i\000n\000g\000\040\000s\000h\000i\000p\000m\000e\000n\000t\000s\000\040\000o\000f\000\040\000c\000h\000e\000m\000i\000c\000a\000l\000s}{chapter.14}% 83
\BOOKMARK [1][-]{section.14.17}{\376\377\000S\000a\000l\000a\000r\000i\000e\000s\000\040\000o\000f\000\040\000m\000a\000t\000h\000e\000m\000a\000t\000i\000c\000i\000a\000n\000s}{chapter.14}% 84
\BOOKMARK [1][-]{section.14.18}{\376\377\000P\000r\000e\000d\000i\000c\000t\000i\000n\000g\000\040\000G\000P\000A\000\040\000o\000f\000\040\000c\000o\000m\000p\000u\000t\000e\000r\000\040\000s\000c\000i\000e\000n\000c\000e\000\040\000s\000t\000u\000d\000e\000n\000t\000s}{chapter.14}% 85
\BOOKMARK [0][-]{chapter.15}{\376\377\000D\000a\000t\000e\000s\000\040\000a\000n\000d\000\040\000t\000i\000m\000e\000s}{}% 86
\BOOKMARK [1][-]{section.15.1}{\376\377\000D\000e\000a\000l\000i\000n\000g\000\040\000w\000i\000t\000h\000\040\000d\000a\000t\000e\000s\000\040\000i\000n\000\040\000t\000h\000e\000\040\000W\000o\000r\000c\000e\000s\000t\000e\000r\000\040\000H\000e\000a\000r\000t\000\040\000A\000t\000t\000a\000c\000k\000\040\000s\000t\000u\000d\000y}{chapter.15}% 87
\BOOKMARK [1][-]{section.15.2}{\376\377\000G\000r\000o\000w\000t\000h\000\040\000o\000f\000\040\000M\000i\000z\000u\000n\000a\000\040\000l\000e\000t\000t\000u\000c\000e\000\040\000s\000e\000e\000d\000s}{chapter.15}% 88
\BOOKMARK [1][-]{section.15.3}{\376\377\000T\000y\000p\000e\000s\000\040\000o\000f\000\040\000c\000h\000i\000l\000d\000b\000i\000r\000t\000h}{chapter.15}% 89
\BOOKMARK [1][-]{section.15.4}{\376\377\000W\000o\000l\000v\000e\000s\000\040\000a\000n\000d\000\040\000c\000a\000r\000i\000b\000o\000u}{chapter.15}% 90
\BOOKMARK [0][-]{chapter.16}{\376\377\000F\000u\000n\000c\000t\000i\000o\000n\000s}{}% 91
\BOOKMARK [1][-]{section.16.1}{\376\377\000M\000a\000k\000i\000n\000g\000\040\000s\000o\000m\000e\000\040\000R\000\040\000f\000u\000n\000c\000t\000i\000o\000n\000s}{chapter.16}% 92
\BOOKMARK [1][-]{section.16.2}{\376\377\000T\000h\000e\000\040\000C\000o\000l\000l\000a\000t\000z\000\040\000s\000e\000q\000u\000e\000n\000c\000e}{chapter.16}% 93
\BOOKMARK [0][-]{chapter.17}{\376\377\000T\000h\000e\000\040\000B\000o\000o\000t\000s\000t\000r\000a\000p}{}% 94
\BOOKMARK [1][-]{section.17.1}{\376\377\000A\000i\000r\000\040\000c\000o\000n\000d\000i\000t\000i\000o\000n\000i\000n\000g\000\040\000f\000a\000i\000l\000u\000r\000e\000s}{chapter.17}% 95
\BOOKMARK [1][-]{section.17.2}{\376\377\000A\000i\000r\000\040\000c\000o\000n\000d\000i\000t\000i\000o\000n\000i\000n\000g\000\040\000f\000a\000i\000l\000u\000r\000e\000s\000:\000\040\000b\000o\000o\000t\000s\000t\000r\000a\000p\000p\000i\000n\000g\000\040\000t\000h\000e\000\040\000m\000e\000d\000i\000a\000n}{chapter.17}% 96
\BOOKMARK [0][-]{chapter.18}{\376\377\000B\000a\000y\000e\000s\000i\000a\000n\000\040\000S\000t\000a\000t\000i\000s\000t\000i\000c\000s\000\040\000w\000i\000t\000h\000\040\000r\000s\000t\000a\000n}{}% 97
\BOOKMARK [1][-]{section.18.1}{\376\377\000E\000s\000t\000i\000m\000a\000t\000i\000n\000g\000\040\000p\000r\000o\000p\000o\000r\000t\000i\000o\000n\000\040\000i\000n\000\040\000f\000a\000v\000o\000u\000r\000\040\000f\000r\000o\000m\000\040\000a\000\040\000s\000u\000r\000v\000e\000y}{chapter.18}% 98
\BOOKMARK [1][-]{section.18.2}{\376\377\000B\000a\000y\000e\000s\000i\000a\000n\000\040\000r\000e\000g\000r\000e\000s\000s\000i\000o\000n}{chapter.18}% 99
\BOOKMARK [0][-]{chapter.19}{\376\377\000L\000o\000g\000i\000s\000t\000i\000c\000\040\000r\000e\000g\000r\000e\000s\000s\000i\000o\000n}{}% 100
\BOOKMARK [1][-]{section.19.1}{\376\377\000F\000i\000n\000d\000i\000n\000g\000\040\000w\000o\000l\000f\000\040\000s\000p\000i\000d\000e\000r\000s\000\040\000o\000n\000\040\000t\000h\000e\000\040\000b\000e\000a\000c\000h}{chapter.19}% 101
\BOOKMARK [1][-]{section.19.2}{\376\377\000K\000i\000l\000l\000i\000n\000g\000\040\000a\000p\000h\000i\000d\000s}{chapter.19}% 102
\BOOKMARK [1][-]{section.19.3}{\376\377\000T\000h\000e\000\040\000e\000f\000f\000e\000c\000t\000s\000\040\000o\000f\000\040\000S\000u\000b\000s\000t\000a\000n\000c\000e\000\040\000A}{chapter.19}% 103
\BOOKMARK [1][-]{section.19.4}{\376\377\000W\000h\000a\000t\000\040\000m\000a\000k\000e\000s\000\040\000a\000n\000\040\000a\000n\000i\000m\000a\000l\000\040\000g\000e\000t\000\040\000i\000n\000f\000e\000c\000t\000e\000d\000?}{chapter.19}% 104
\BOOKMARK [1][-]{section.19.5}{\376\377\000T\000h\000e\000\040\000b\000r\000a\000i\000n\000\040\000o\000f\000\040\000a\000\040\000c\000a\000t}{chapter.19}% 105
\BOOKMARK [1][-]{section.19.6}{\376\377\000H\000o\000w\000\040\000n\000o\000t\000\040\000t\000o\000\040\000g\000e\000t\000\040\000h\000e\000a\000r\000t\000\040\000d\000i\000s\000e\000a\000s\000e}{chapter.19}% 106
\BOOKMARK [1][-]{section.19.7}{\376\377\000S\000u\000c\000c\000e\000s\000s\000f\000u\000l\000\040\000b\000r\000e\000a\000s\000t\000f\000e\000e\000d\000i\000n\000g}{chapter.19}% 107
\BOOKMARK [1][-]{section.19.8}{\376\377\000M\000a\000k\000i\000n\000g\000\040\000i\000t\000\040\000o\000v\000e\000r\000\040\000t\000h\000e\000\040\000m\000o\000u\000n\000t\000a\000i\000n\000s}{chapter.19}% 108
\BOOKMARK [1][-]{section.19.9}{\376\377\000W\000h\000o\000\040\000n\000e\000e\000d\000s\000\040\000t\000h\000e\000\040\000m\000o\000s\000t\000\040\000i\000n\000t\000e\000n\000s\000i\000v\000e\000\040\000c\000a\000r\000e\000?}{chapter.19}% 109
\BOOKMARK [1][-]{section.19.10}{\376\377\000G\000o\000\040\000a\000w\000a\000y\000\040\000a\000n\000d\000\040\000d\000o\000n\000'\000t\000\040\000c\000o\000m\000e\000\040\000b\000a\000c\000k\000!}{chapter.19}% 110
\BOOKMARK [0][-]{chapter.20}{\376\377\000L\000o\000g\000i\000s\000t\000i\000c\000\040\000r\000e\000g\000r\000e\000s\000s\000i\000o\000n\000\040\000w\000i\000t\000h\000\040\000o\000r\000d\000i\000n\000a\000l\000\040\000o\000r\000\040\000n\000o\000m\000i\000n\000a\000l\000\040\000r\000e\000s\000p\000o\000n\000s\000e}{}% 111
\BOOKMARK [1][-]{section.20.1}{\376\377\000D\000o\000\040\000y\000o\000u\000\040\000l\000i\000k\000e\000\040\000y\000o\000u\000r\000\040\000m\000o\000b\000i\000l\000e\000\040\000p\000h\000o\000n\000e\000?}{chapter.20}% 112
\BOOKMARK [1][-]{section.20.2}{\376\377\000A\000t\000t\000i\000t\000u\000d\000e\000s\000\040\000t\000o\000w\000a\000r\000d\000s\000\040\000a\000b\000o\000r\000t\000i\000o\000n}{chapter.20}% 113
\BOOKMARK [1][-]{section.20.3}{\376\377\000F\000i\000n\000d\000i\000n\000g\000\040\000n\000o\000n\000-\000m\000i\000s\000s\000i\000n\000g\000\040\000v\000a\000l\000u\000e\000s}{chapter.20}% 114
\BOOKMARK [1][-]{section.20.4}{\376\377\000E\000u\000r\000o\000p\000e\000a\000n\000\040\000S\000o\000c\000i\000a\000l\000\040\000S\000u\000r\000v\000e\000y\000\040\000a\000n\000d\000\040\000v\000o\000t\000i\000n\000g}{chapter.20}% 115
\BOOKMARK [1][-]{section.20.5}{\376\377\000A\000l\000l\000i\000g\000a\000t\000o\000r\000\040\000f\000o\000o\000d}{chapter.20}% 116
\BOOKMARK [1][-]{section.20.6}{\376\377\000H\000o\000w\000\040\000d\000o\000\040\000y\000o\000u\000\040\000l\000i\000k\000e\000\040\000y\000o\000u\000r\000\040\000s\000t\000e\000a\000k\000\040\040\023\000\040\000t\000h\000e\000\040\000d\000a\000t\000a}{chapter.20}% 117
\BOOKMARK [1][-]{section.20.7}{\376\377\000C\000r\000i\000m\000e\000s\000\040\000i\000n\000\040\000S\000a\000n\000\040\000F\000r\000a\000n\000c\000i\000s\000c\000o\000\040\040\023\000\040\000t\000h\000e\000\040\000d\000a\000t\000a}{chapter.20}% 118
\BOOKMARK [1][-]{section.20.8}{\376\377\000H\000o\000w\000\040\000d\000o\000\040\000y\000o\000u\000\040\000l\000i\000k\000e\000\040\000y\000o\000u\000r\000\040\000s\000t\000e\000a\000k\000?}{chapter.20}% 119
\BOOKMARK [1][-]{section.20.9}{\376\377\000C\000r\000i\000m\000e\000s\000\040\000i\000n\000\040\000S\000a\000n\000\040\000F\000r\000a\000n\000c\000i\000s\000c\000o}{chapter.20}% 120
\BOOKMARK [1][-]{section.20.10}{\376\377\000H\000i\000g\000h\000\040\000S\000c\000h\000o\000o\000l\000\040\000a\000n\000d\000\040\000B\000e\000y\000o\000n\000d}{chapter.20}% 121
\BOOKMARK [1][-]{section.20.11}{\376\377\000W\000h\000a\000t\000\040\000s\000p\000o\000r\000t\000s\000\040\000d\000o\000\040\000t\000h\000e\000s\000e\000\040\000a\000t\000h\000l\000e\000t\000e\000s\000\040\000p\000l\000a\000y\000?}{chapter.20}% 122
\BOOKMARK [0][-]{chapter.21}{\376\377\000S\000u\000r\000v\000i\000v\000a\000l\000\040\000a\000n\000a\000l\000y\000s\000i\000s}{}% 123
\BOOKMARK [1][-]{section.21.1}{\376\377\000T\000h\000e\000\040\000W\000o\000r\000c\000e\000s\000t\000e\000r\000\040\000s\000u\000r\000v\000e\000y}{chapter.21}% 124
\BOOKMARK [1][-]{section.21.2}{\376\377\000D\000r\000u\000g\000\040\000t\000r\000e\000a\000t\000m\000e\000n\000t\000\040\000p\000r\000o\000g\000r\000a\000m\000s}{chapter.21}% 125
\BOOKMARK [1][-]{section.21.3}{\376\377\000M\000u\000l\000t\000i\000p\000l\000e\000\040\000m\000y\000e\000l\000o\000m\000a}{chapter.21}% 126
\BOOKMARK [1][-]{section.21.4}{\376\377\000O\000v\000a\000r\000i\000a\000n\000\040\000c\000a\000n\000c\000e\000r}{chapter.21}% 127
\BOOKMARK [0][-]{chapter.22}{\376\377\000A\000n\000a\000l\000y\000s\000i\000s\000\040\000o\000f\000\040\000v\000a\000r\000i\000a\000n\000c\000e\000\040\000r\000e\000v\000i\000s\000i\000t\000e\000d}{}% 128
\BOOKMARK [1][-]{section.22.1}{\376\377\000A\000c\000i\000d\000\040\000r\000a\000i\000n}{chapter.22}% 129
\BOOKMARK [1][-]{section.22.2}{\376\377\000T\000r\000e\000a\000t\000i\000n\000g\000\040\000h\000a\000y\000\040\000f\000e\000v\000e\000r}{chapter.22}% 130
\BOOKMARK [1][-]{section.22.3}{\376\377\000F\000o\000c\000u\000s\000e\000d\000\040\000c\000o\000m\000p\000a\000r\000i\000s\000o\000n\000s\000\040\000o\000f\000\040\000t\000h\000e\000\040\000e\000f\000f\000e\000c\000t\000\040\000o\000f\000\040\000c\000a\000f\000f\000e\000i\000n\000e}{chapter.22}% 131
\BOOKMARK [1][-]{section.22.4}{\376\377\000W\000h\000o\000\040\000s\000t\000u\000d\000i\000e\000s\000\040\000t\000h\000e\000\040\000m\000o\000s\000t\000\040\000o\000u\000t\000s\000i\000d\000e\000\040\000c\000l\000a\000s\000s\000?}{chapter.22}% 132
\BOOKMARK [1][-]{section.22.5}{\376\377\000M\000e\000n\000t\000a\000l\000\040\000c\000o\000n\000t\000e\000x\000t}{chapter.22}% 133
\BOOKMARK [1][-]{section.22.6}{\376\377\000T\000r\000y\000i\000n\000g\000\040\000o\000n\000\040\000s\000h\000i\000r\000t\000s}{chapter.22}% 134
\BOOKMARK [1][-]{section.22.7}{\376\377\000P\000r\000o\000d\000u\000c\000t\000i\000v\000i\000t\000y\000\040\000a\000n\000d\000\040\000r\000e\000s\000e\000a\000r\000c\000h\000-\000a\000n\000d\000-\000d\000e\000v\000e\000l\000o\000p\000m\000e\000n\000t}{chapter.22}% 135
\BOOKMARK [1][-]{section.22.8}{\376\377\000T\000r\000e\000a\000t\000i\000n\000g\000\040\000l\000e\000p\000r\000o\000s\000y}{chapter.22}% 136
\BOOKMARK [0][-]{chapter.23}{\376\377\000M\000u\000l\000t\000i\000v\000a\000r\000i\000a\000t\000e\000\040\000a\000n\000a\000l\000y\000s\000i\000s\000\040\000o\000f\000\040\000v\000a\000r\000i\000a\000n\000c\000e}{}% 137
\BOOKMARK [1][-]{section.23.1}{\376\377\000F\000a\000b\000r\000i\000c\000a\000t\000e\000d\000\040\000d\000a\000t\000a}{chapter.23}% 138
\BOOKMARK [1][-]{section.23.2}{\376\377\000D\000o\000\040\000c\000h\000a\000r\000a\000c\000t\000e\000r\000i\000s\000t\000i\000c\000s\000\040\000o\000f\000\040\000u\000r\000i\000n\000e\000\040\000d\000e\000p\000e\000n\000d\000\040\000o\000n\000\040\000o\000b\000e\000s\000i\000t\000y\000?}{chapter.23}% 139
\BOOKMARK [1][-]{section.23.3}{\376\377\000H\000o\000w\000\040\000d\000o\000\040\000h\000e\000i\000g\000h\000t\000\040\000a\000n\000d\000\040\000w\000e\000i\000g\000h\000t\000\040\000d\000e\000p\000e\000n\000d\000\040\000o\000n\000\040\000s\000p\000o\000r\000t\000\040\000p\000l\000a\000y\000e\000d\000\040\000b\000y\000\040\000e\000l\000i\000t\000e\000\040\000a\000t\000h\000l\000e\000t\000e\000s\000?}{chapter.23}% 140
\BOOKMARK [0][-]{chapter.24}{\376\377\000R\000e\000p\000e\000a\000t\000e\000d\000\040\000m\000e\000a\000s\000u\000r\000e\000s}{}% 141
\BOOKMARK [1][-]{section.24.1}{\376\377\000E\000f\000f\000e\000c\000t\000\040\000o\000f\000\040\000d\000r\000u\000g\000\040\000o\000n\000\040\000r\000a\000t\000\040\000w\000e\000i\000g\000h\000t}{chapter.24}% 142
\BOOKMARK [1][-]{section.24.2}{\376\377\000S\000o\000c\000i\000a\000l\000\040\000i\000n\000t\000e\000r\000a\000c\000t\000i\000o\000n\000\040\000a\000m\000o\000n\000g\000\040\000o\000l\000d\000\040\000p\000e\000o\000p\000l\000e}{chapter.24}% 143
\BOOKMARK [1][-]{section.24.3}{\376\377\000C\000h\000i\000l\000d\000r\000e\000n\000'\000s\000\040\000s\000t\000r\000e\000s\000s\000\040\000l\000e\000v\000e\000l\000s\000\040\000a\000n\000d\000\040\000a\000i\000r\000p\000o\000r\000t\000s}{chapter.24}% 144
\BOOKMARK [1][-]{section.24.4}{\376\377\000B\000o\000d\000y\000\040\000f\000a\000t\000\040\000a\000s\000\040\000r\000e\000p\000e\000a\000t\000e\000d\000\040\000m\000e\000a\000s\000u\000r\000e\000s}{chapter.24}% 145
\BOOKMARK [1][-]{section.24.5}{\376\377\000I\000n\000v\000e\000s\000t\000i\000g\000a\000t\000i\000n\000g\000\040\000m\000o\000t\000o\000r\000\040\000a\000c\000t\000i\000v\000i\000t\000y\000\040\000i\000n\000\040\000r\000a\000t\000s}{chapter.24}% 146
\BOOKMARK [1][-]{section.24.6}{\376\377\000R\000e\000p\000e\000a\000t\000e\000d\000\040\000m\000e\000a\000s\000u\000r\000e\000s\000\040\000w\000i\000t\000h\000\040\000n\000o\000\040\000b\000a\000c\000k\000g\000r\000o\000u\000n\000d}{chapter.24}% 147
\BOOKMARK [0][-]{chapter.25}{\376\377\000D\000i\000s\000c\000r\000i\000m\000i\000n\000a\000n\000t\000\040\000a\000n\000a\000l\000y\000s\000i\000s}{}% 148
\BOOKMARK [1][-]{section.25.1}{\376\377\000T\000e\000l\000l\000i\000n\000g\000\040\000w\000h\000e\000t\000h\000e\000r\000\040\000a\000\040\000b\000a\000n\000k\000n\000o\000t\000e\000\040\000i\000s\000\040\000r\000e\000a\000l\000\040\000o\000r\000\040\000c\000o\000u\000n\000t\000e\000r\000f\000e\000i\000t}{chapter.25}% 149
\BOOKMARK [1][-]{section.25.2}{\376\377\000U\000r\000i\000n\000e\000\040\000a\000n\000d\000\040\000o\000b\000e\000s\000i\000t\000y\000:\000\040\000w\000h\000a\000t\000\040\000m\000a\000k\000e\000s\000\040\000a\000\040\000d\000i\000f\000f\000e\000r\000e\000n\000c\000e\000?}{chapter.25}% 150
\BOOKMARK [1][-]{section.25.3}{\376\377\000U\000n\000d\000e\000r\000s\000t\000a\000n\000d\000i\000n\000g\000\040\000a\000\040\000M\000A\000N\000O\000V\000A}{chapter.25}% 151
\BOOKMARK [1][-]{section.25.4}{\376\377\000W\000h\000a\000t\000\040\000d\000i\000s\000t\000i\000n\000g\000u\000i\000s\000h\000e\000s\000\040\000p\000e\000o\000p\000l\000e\000\040\000w\000h\000o\000\040\000d\000o\000\040\000d\000i\000f\000f\000e\000r\000e\000n\000t\000\040\000j\000o\000b\000s\000?}{chapter.25}% 152
\BOOKMARK [1][-]{section.25.5}{\376\377\000O\000b\000s\000e\000r\000v\000i\000n\000g\000\040\000c\000h\000i\000l\000d\000r\000e\000n\000\040\000w\000i\000t\000h\000\040\000A\000D\000H\000D}{chapter.25}% 153
\BOOKMARK [1][-]{section.25.6}{\376\377\000G\000r\000o\000w\000i\000n\000g\000\040\000c\000o\000r\000n}{chapter.25}% 154
\BOOKMARK [1][-]{section.25.7}{\376\377\000U\000n\000d\000e\000r\000s\000t\000a\000n\000d\000i\000n\000g\000\040\000a\000t\000h\000l\000e\000t\000e\000s\000'\000\040\000h\000e\000i\000g\000h\000t\000,\000\040\000w\000e\000i\000g\000h\000t\000,\000\040\000s\000p\000o\000r\000t\000\040\000a\000n\000d\000\040\000g\000e\000n\000d\000e\000r}{chapter.25}% 155
\BOOKMARK [0][-]{chapter.26}{\376\377\000C\000l\000u\000s\000t\000e\000r\000\040\000a\000n\000a\000l\000y\000s\000i\000s}{}% 156
\BOOKMARK [1][-]{section.26.1}{\376\377\000S\000i\000t\000e\000s\000\040\000o\000n\000\040\000t\000h\000e\000\040\000s\000e\000a\000\040\000b\000e\000d}{chapter.26}% 157
\BOOKMARK [1][-]{section.26.2}{\376\377\000D\000i\000s\000s\000i\000m\000i\000l\000a\000r\000i\000t\000i\000e\000s\000\040\000b\000e\000t\000w\000e\000e\000n\000\040\000f\000r\000u\000i\000t\000s}{chapter.26}% 158
\BOOKMARK [1][-]{section.26.3}{\376\377\000S\000i\000m\000i\000l\000a\000r\000i\000t\000y\000\040\000o\000f\000\040\000s\000p\000e\000c\000i\000e\000s}{chapter.26}% 159
\BOOKMARK [1][-]{section.26.4}{\376\377\000R\000a\000t\000i\000n\000g\000\040\000b\000e\000e\000r}{chapter.26}% 160
\BOOKMARK [1][-]{section.26.5}{\376\377\000C\000l\000u\000s\000t\000e\000r\000i\000n\000g\000\040\000t\000h\000e\000\040\000S\000w\000i\000s\000s\000\040\000b\000i\000l\000l\000s}{chapter.26}% 161
\BOOKMARK [1][-]{section.26.6}{\376\377\000G\000r\000o\000u\000p\000i\000n\000g\000\040\000s\000i\000m\000i\000l\000a\000r\000\040\000c\000a\000r\000s}{chapter.26}% 162
\BOOKMARK [1][-]{section.26.7}{\376\377\000R\000u\000n\000n\000i\000n\000g\000,\000\040\000j\000u\000m\000p\000i\000n\000g\000,\000\040\000a\000n\000d\000\040\000t\000h\000r\000o\000w\000i\000n\000g}{chapter.26}% 163
\BOOKMARK [1][-]{section.26.8}{\376\377\000B\000r\000i\000d\000g\000e\000s\000\040\000i\000n\000\040\000P\000i\000t\000t\000s\000b\000u\000r\000g\000h}{chapter.26}% 164
\BOOKMARK [1][-]{section.26.9}{\376\377\000C\000l\000u\000s\000t\000e\000r\000i\000n\000g\000\040\000t\000h\000e\000\040\000A\000u\000s\000t\000r\000a\000l\000i\000a\000n\000\040\000a\000t\000h\000l\000e\000t\000e\000s}{chapter.26}% 165
\BOOKMARK [0][-]{chapter.27}{\376\377\000M\000u\000l\000t\000i\000d\000i\000m\000e\000n\000s\000i\000o\000n\000a\000l\000\040\000S\000c\000a\000l\000i\000n\000g}{}% 166
\BOOKMARK [1][-]{section.27.1}{\376\377\000M\000a\000k\000i\000n\000g\000\040\000a\000\040\000m\000a\000p\000\040\000o\000f\000\040\000W\000i\000s\000c\000o\000n\000s\000i\000n}{chapter.27}% 167
\BOOKMARK [1][-]{section.27.2}{\376\377\000T\000h\000i\000n\000g\000s\000\040\000t\000h\000a\000t\000\040\000f\000e\000e\000l\000\040\000s\000i\000m\000i\000l\000a\000r\000\040\000t\000o\000\040\000e\000a\000c\000h\000\040\000o\000t\000h\000e\000r}{chapter.27}% 168
\BOOKMARK [1][-]{section.27.3}{\376\377\000C\000o\000n\000f\000u\000s\000i\000n\000g\000\040\000l\000e\000t\000t\000e\000r\000s}{chapter.27}% 169
\BOOKMARK [1][-]{section.27.4}{\376\377\000M\000o\000r\000e\000\040\000b\000e\000e\000r\000\040\000p\000l\000e\000a\000s\000e}{chapter.27}% 170
\BOOKMARK [1][-]{section.27.5}{\376\377\000F\000e\000e\000l\000i\000n\000g\000\040\000s\000i\000m\000i\000l\000a\000r\000,\000\040\000a\000g\000a\000i\000n}{chapter.27}% 171
\BOOKMARK [0][-]{chapter.28}{\376\377\000P\000r\000i\000n\000c\000i\000p\000a\000l\000\040\000C\000o\000m\000p\000o\000n\000e\000n\000t\000s\000\040\000a\000n\000d\000\040\000F\000a\000c\000t\000o\000r\000\040\000A\000n\000a\000l\000y\000s\000i\000s}{}% 172
\BOOKMARK [1][-]{section.28.1}{\376\377\000T\000h\000e\000\040\000w\000e\000a\000t\000h\000e\000r\000,\000\040\000s\000o\000m\000e\000w\000h\000e\000r\000e}{chapter.28}% 173
\BOOKMARK [1][-]{section.28.2}{\376\377\000A\000i\000r\000\040\000p\000o\000l\000l\000u\000t\000i\000o\000n}{chapter.28}% 174
\BOOKMARK [1][-]{section.28.3}{\376\377\000A\000\040\000c\000o\000r\000r\000e\000l\000a\000t\000i\000o\000n\000\040\000m\000a\000t\000r\000i\000x}{chapter.28}% 175
\BOOKMARK [1][-]{section.28.4}{\376\377\000T\000h\000e\000\040\000I\000n\000t\000e\000r\000p\000e\000r\000s\000o\000n\000a\000l\000\040\000C\000i\000r\000c\000u\000m\000p\000l\000e\000x}{chapter.28}% 176
\BOOKMARK [0][-]{chapter.29}{\376\377\000F\000r\000e\000q\000u\000e\000n\000c\000y\000\040\000t\000a\000b\000l\000e\000\040\000a\000n\000a\000l\000y\000s\000i\000s}{}% 177
\BOOKMARK [1][-]{section.29.1}{\376\377\000C\000o\000l\000l\000e\000g\000e\000\040\000p\000l\000a\000n\000s}{chapter.29}% 178
\BOOKMARK [1][-]{section.29.2}{\376\377\000P\000r\000e\000d\000i\000c\000t\000i\000n\000g\000\040\000v\000o\000t\000i\000n\000g}{chapter.29}% 179
